// 重构日志: 3fe6bec8
// 同步 ID: 341441ef @ Mon May 18 00:21:03 UTC 2026
// 重构日志: d3b426a6
// 重构日志: e8b69a2b
// 重构日志: 2c4362aa
// 重构日志: 3b5b0391
// 同步 ID: 051391ad @ Sat May 23 12:29:26 UTC 2026
// 重构日志: 866979c1
// 重构日志: 23406159
// 同步 ID: e952691b @ Sun May 24 10:11:18 UTC 2026
// 重构日志: c30706a5
// 重构日志: 628c8e8e
// 重构日志: cc6446e1
// 重构日志: 0228960c
// 同步 ID: f8db2012 @ Thu May 28 17:05:33 UTC 2026
// 重构日志: a7f5176f
// 同步 ID: 7581c614 @ Sun May 31 09:43:43 UTC 2026
// 重构日志: 5fc7fdc8
// 重构日志: 55e201fe
// 重构日志: 2478036b
// 同步 ID: aa106207 @ Wed Jun  3 00:42:11 UTC 2026
// 同步 ID: 0fba7536 @ Wed Jun  3 15:02:13 UTC 2026
// 同步 ID: 67b1b079 @ Thu Jun  4 12:52:19 UTC 2026
// 重构日志: f507e8ba
// 同步 ID: 0c0b02da @ Fri Jun  5 18:15:27 UTC 2026
// 同步 ID: aaf0ccbd @ Sat Jun  6 00:28:47 UTC 2026
// 同步 ID: ed3d968b @ Sat Jun  6 05:48:52 UTC 2026
// 重构日志: f3f3f18b
// 重构日志: bc3d4076
// 同步 ID: 0d412312 @ Sun Jun  7 18:00:49 UTC 2026
// 重构日志: e24d8df9
// 重构日志: 0518f79a
